<?xml version="1.0" encoding="UTF-8" ?>
<testsuites>
  <testsuite errors="0" failures="0" hostname="Test016" id="0" name="QuestionControllerTest" package="com.malcolm.oes.controller" skipped="0" tests="1" time="8.5" timestamp="2016-08-23T01:45:08">
      <properties>
[...]
</properties>

      <testcase classname="com.malcolm.oes.controller.QuestionControllerTest" name="testSaveQuestion" time="7.937" />

      <system-out><![CDATA[]]></system-out>

      <system-err><![CDATA[com.mchange.v2.cfg.DelayedLogItem [ level -> FINE, text -> "The configuration file for resource identifier '/mchange-commons.properties' could not be found. Skipping.", exception -> java.io.FileNotFoundException: Resource not found at path '/mchange-commons.properties'.]
com.mchange.v2.cfg.DelayedLogItem [ level -> FINE, text -> "The configuration file for resource identifier 'hocon:/reference.conf,/application.conf,/application.json,/application.properties,/' could not be found. Skipping.", exception -> java.io.FileNotFoundException: No resource available at '/reference.conf,/application.conf,/application.json,/application.properties,/' for HOCON identifier 'hocon:/reference.conf,/application.conf,/application.json,/application.properties,/'. Also HOCON lib (typesafe-config) is not available.]
]]></system-err>

  </testsuite>
  <testsuite errors="0" failures="0" hostname="Test016" id="1" name="UserControllerTest" package="com.malcolm.oes.controller" skipped="0" tests="1" time="5.328" timestamp="2016-08-23T01:45:19">
      <properties>
[...]
</properties>

      <testcase classname="com.malcolm.oes.controller.UserControllerTest" name="testLogin" time="5.218" />

      <system-out><![CDATA[]]></system-out>

      <system-err><![CDATA[com.mchange.v2.cfg.DelayedLogItem [ level -> FINE, text -> "The configuration file for resource identifier '/mchange-commons.properties' could not be found. Skipping.", exception -> java.io.FileNotFoundException: Resource not found at path '/mchange-commons.properties'.]
com.mchange.v2.cfg.DelayedLogItem [ level -> FINE, text -> "The configuration file for resource identifier 'hocon:/reference.conf,/application.conf,/application.json,/application.properties,/' could not be found. Skipping.", exception -> java.io.FileNotFoundException: No resource available at '/reference.conf,/application.conf,/application.json,/application.properties,/' for HOCON identifier 'hocon:/reference.conf,/application.conf,/application.json,/application.properties,/'. Also HOCON lib (typesafe-config) is not available.]
]]></system-err>

  </testsuite>
  <testsuite errors="0" failures="0" hostname="Test016" id="2" name="ExamServiceTest" package="com.malcolm.oes.service" skipped="0" tests="9" time="5.469" timestamp="2016-08-23T01:45:26">
      <properties>
[...]
</properties>

      <testcase classname="com.malcolm.oes.service.ExamServiceTest" name="testdeleteExamByIdsBadIds" time="4.906" />

      <testcase classname="com.malcolm.oes.service.ExamServiceTest" name="testfinExamList" time="0.313" />

      <testcase classname="com.malcolm.oes.service.ExamServiceTest" name="testSaveExamBadExam" time="0.015" />

      <testcase classname="com.malcolm.oes.service.ExamServiceTest" name="testdeleteExamByIds" time="0.0" />

      <testcase classname="com.malcolm.oes.service.ExamServiceTest" name="testSaveExamDraftBadIsDraft" time="0.016" />

      <testcase classname="com.malcolm.oes.service.ExamServiceTest" name="testSaveExam" time="0.094" />

      <testcase classname="com.malcolm.oes.service.ExamServiceTest" name="testSaveExamDraftBadExam" time="0.0" />

      <testcase classname="com.malcolm.oes.service.ExamServiceTest" name="testcreateExamDraft" time="0.015" />

      <testcase classname="com.malcolm.oes.service.ExamServiceTest" name="testSaveExamBadIsDraft" time="0.0" />

      <system-out><![CDATA[5
]]></system-out>

      <system-err><![CDATA[com.mchange.v2.cfg.DelayedLogItem [ level -> FINE, text -> "The configuration file for resource identifier '/mchange-commons.properties' could not be found. Skipping.", exception -> java.io.FileNotFoundException: Resource not found at path '/mchange-commons.properties'.]
com.mchange.v2.cfg.DelayedLogItem [ level -> FINE, text -> "The configuration file for resource identifier 'hocon:/reference.conf,/application.conf,/application.json,/application.properties,/' could not be found. Skipping.", exception -> java.io.FileNotFoundException: No resource available at '/reference.conf,/application.conf,/application.json,/application.properties,/' for HOCON identifier 'hocon:/reference.conf,/application.conf,/application.json,/application.properties,/'. Also HOCON lib (typesafe-config) is not available.]
com.malcolm.oes.exception.ParameterException
	at com.malcolm.oes.service.impl.ExamServiceImpl.deleteExamByIds(ExamServiceImpl.java:79)
	at sun.reflect.NativeMethodAccessorImpl.invoke0(Native Method)
	at sun.reflect.NativeMethodAccessorImpl.invoke(NativeMethodAccessorImpl.java:57)
	at sun.reflect.DelegatingMethodAccessorImpl.invoke(DelegatingMethodAccessorImpl.java:43)
	at java.lang.reflect.Method.invoke(Method.java:606)
	at org.springframework.aop.support.AopUtils.invokeJoinpointUsingReflection(AopUtils.java:317)
	at org.springframework.aop.framework.ReflectiveMethodInvocation.invokeJoinpoint(ReflectiveMethodInvocation.java:183)
	at org.springframework.aop.framework.ReflectiveMethodInvocation.proceed(ReflectiveMethodInvocation.java:150)
	at org.springframework.transaction.interceptor.TransactionInterceptor$1.proceedWithInvocation(TransactionInterceptor.java:96)
	at org.springframework.transaction.interceptor.TransactionAspectSupport.invokeWithinTransaction(TransactionAspectSupport.java:260)
	at org.springframework.transaction.interceptor.TransactionInterceptor.invoke(TransactionInterceptor.java:94)
	at org.springframework.aop.framework.ReflectiveMethodInvocation.proceed(ReflectiveMethodInvocation.java:172)
	at com.malcolm.oes.advice.LogMethodTime.invoke(LogMethodTime.java:20)
	at org.springframework.aop.framework.ReflectiveMethodInvocation.proceed(ReflectiveMethodInvocation.java:172)
	at org.springframework.aop.interceptor.ExposeInvocationInterceptor.invoke(ExposeInvocationInterceptor.java:91)
	at org.springframework.aop.framework.ReflectiveMethodInvocation.proceed(ReflectiveMethodInvocation.java:172)
	at org.springframework.aop.framework.JdkDynamicAopProxy.invoke(JdkDynamicAopProxy.java:204)
	at com.sun.proxy.$Proxy19.deleteExamByIds(Unknown Source)
	at com.malcolm.oes.service.ExamServiceTest.testdeleteExamByIdsBadIds(Unknown Source)
	at sun.reflect.NativeMethodAccessorImpl.invoke0(Native Method)
	at sun.reflect.NativeMethodAccessorImpl.invoke(NativeMethodAccessorImpl.java:57)
	at sun.reflect.DelegatingMethodAccessorImpl.invoke(DelegatingMethodAccessorImpl.java:43)
	at java.lang.reflect.Method.invoke(Method.java:606)
	at org.junit.runners.model.FrameworkMethod$1.runReflectiveCall(FrameworkMethod.java:45)
	at org.junit.internal.runners.model.ReflectiveCallable.run(ReflectiveCallable.java:15)
	at org.junit.runners.model.FrameworkMethod.invokeExplosively(FrameworkMethod.java:42)
	at org.junit.internal.runners.statements.InvokeMethod.evaluate(InvokeMethod.java:20)
	at org.junit.internal.runners.statements.RunBefores.evaluate(RunBefores.java:28)
	at org.springframework.test.context.junit4.statements.RunBeforeTestMethodCallbacks.evaluate(RunBeforeTestMethodCallbacks.java:74)
	at org.junit.internal.runners.statements.RunAfters.evaluate(RunAfters.java:30)
	at org.springframework.test.context.junit4.statements.RunAfterTestMethodCallbacks.evaluate(RunAfterTestMethodCallbacks.java:83)
	at org.springframework.test.context.junit4.statements.SpringRepeat.evaluate(SpringRepeat.java:72)
	at org.springframework.test.context.junit4.SpringJUnit4ClassRunner.runChild(SpringJUnit4ClassRunner.java:231)
	at org.springframework.test.context.junit4.SpringJUnit4ClassRunner.runChild(SpringJUnit4ClassRunner.java:88)
	at org.junit.runners.ParentRunner$3.run(ParentRunner.java:231)
	at org.junit.runners.ParentRunner$1.schedule(ParentRunner.java:60)
	at org.junit.runners.ParentRunner.runChildren(ParentRunner.java:229)
	at org.junit.runners.ParentRunner.access$000(ParentRunner.java:50)
	at org.junit.runners.ParentRunner$2.evaluate(ParentRunner.java:222)
	at org.springframework.test.context.junit4.statements.RunBeforeTestClassCallbacks.evaluate(RunBeforeTestClassCallbacks.java:61)
	at org.springframework.test.context.junit4.statements.RunAfterTestClassCallbacks.evaluate(RunAfterTestClassCallbacks.java:71)
	at org.junit.runners.ParentRunner.run(ParentRunner.java:300)
	at org.springframework.test.context.junit4.SpringJUnit4ClassRunner.run(SpringJUnit4ClassRunner.java:174)
	at junit.framework.JUnit4TestAdapter.run(JUnit4TestAdapter.java:39)
	at org.apache.tools.ant.taskdefs.optional.junit.JUnitTestRunner.run(JUnitTestRunner.java:523)
	at org.apache.tools.ant.taskdefs.optional.junit.JUnitTestRunner.launch(JUnitTestRunner.java:1063)
	at org.apache.tools.ant.taskdefs.optional.junit.JUnitTestRunner.main(JUnitTestRunner.java:914)
]]></system-err>

  </testsuite>
  <testsuite errors="0" failures="0" hostname="Test016" id="3" name="QuestionServiceTest" package="com.malcolm.oes.service" skipped="0" tests="17" time="5.375" timestamp="2016-08-23T01:45:34">
      <properties>
[...]
</properties>

      <testcase classname="com.malcolm.oes.service.QuestionServiceTest" name="testGetQuestionById" time="5.015" />

      <testcase classname="com.malcolm.oes.service.QuestionServiceTest" name="testFindQuestioinListByKeyword" time="0.078" />

      <testcase classname="com.malcolm.oes.service.QuestionServiceTest" name="testFindQuestionList" time="0.016" />

      <testcase classname="com.malcolm.oes.service.QuestionServiceTest" name="testDeleteQuestionByWrongId" time="0.015" />

      <testcase classname="com.malcolm.oes.service.QuestionServiceTest" name="testSaveQuestion" time="0.016" />

      <testcase classname="com.malcolm.oes.service.QuestionServiceTest" name="testSaveEditQuestion" time="0.016" />

      <testcase classname="com.malcolm.oes.service.QuestionServiceTest" name="testSaveEditQuestionBadQuestion" time="0.015" />

      <testcase classname="com.malcolm.oes.service.QuestionServiceTest" name="testDeleteQuestionByIds" time="0.016" />

      <testcase classname="com.malcolm.oes.service.QuestionServiceTest" name="testSaveQuestionBadUserId" time="0.0" />

      <testcase classname="com.malcolm.oes.service.QuestionServiceTest" name="testSaveQuestionBadParameter" time="0.016" />

      <testcase classname="com.malcolm.oes.service.QuestionServiceTest" name="testDeleteQuestionByWrongIds" time="0.0" />

      <testcase classname="com.malcolm.oes.service.QuestionServiceTest" name="testGetQuestionByIdBadId" time="0.015" />

      <testcase classname="com.malcolm.oes.service.QuestionServiceTest" name="testGetQuestionByIdEmptyId" time="0.016" />

      <testcase classname="com.malcolm.oes.service.QuestionServiceTest" name="testSaveEditQuestionBadId" time="0.015" />

      <testcase classname="com.malcolm.oes.service.QuestionServiceTest" name="testVerifyQuestionId" time="0.0" />

      <testcase classname="com.malcolm.oes.service.QuestionServiceTest" name="verifyQuestionQuantity" time="0.0" />

      <testcase classname="com.malcolm.oes.service.QuestionServiceTest" name="testDeleteQuestionByIdsEmptyIds" time="0.016" />

      <system-out><![CDATA[]]></system-out>

      <system-err><![CDATA[com.mchange.v2.cfg.DelayedLogItem [ level -> FINE, text -> "The configuration file for resource identifier '/mchange-commons.properties' could not be found. Skipping.", exception -> java.io.FileNotFoundException: Resource not found at path '/mchange-commons.properties'.]
com.mchange.v2.cfg.DelayedLogItem [ level -> FINE, text -> "The configuration file for resource identifier 'hocon:/reference.conf,/application.conf,/application.json,/application.properties,/' could not be found. Skipping.", exception -> java.io.FileNotFoundException: No resource available at '/reference.conf,/application.conf,/application.json,/application.properties,/' for HOCON identifier 'hocon:/reference.conf,/application.conf,/application.json,/application.properties,/'. Also HOCON lib (typesafe-config) is not available.]
]]></system-err>

  </testsuite>
  <testsuite errors="0" failures="0" hostname="Test016" id="4" name="UserServiceTest" package="com.malcolm.oes.service" skipped="0" tests="4" time="5.484" timestamp="2016-08-23T01:45:42">
      <properties>
[...]
</properties>

      <testcase classname="com.malcolm.oes.service.UserServiceTest" name="testWrongUserNamePassword" time="5.11" />

      <testcase classname="com.malcolm.oes.service.UserServiceTest" name="testRightUserNamePassword" time="0.203" />

      <testcase classname="com.malcolm.oes.service.UserServiceTest" name="testNotExistUserName" time="0.0" />

      <testcase classname="com.malcolm.oes.service.UserServiceTest" name="testWrongPassword" time="0.0" />

      <system-out><![CDATA[]]></system-out>

      <system-err><![CDATA[com.mchange.v2.cfg.DelayedLogItem [ level -> FINE, text -> "The configuration file for resource identifier '/mchange-commons.properties' could not be found. Skipping.", exception -> java.io.FileNotFoundException: Resource not found at path '/mchange-commons.properties'.]
com.mchange.v2.cfg.DelayedLogItem [ level -> FINE, text -> "The configuration file for resource identifier 'hocon:/reference.conf,/application.conf,/application.json,/application.properties,/' could not be found. Skipping.", exception -> java.io.FileNotFoundException: No resource available at '/reference.conf,/application.conf,/application.json,/application.properties,/' for HOCON identifier 'hocon:/reference.conf,/application.conf,/application.json,/application.properties,/'. Also HOCON lib (typesafe-config) is not available.]
]]></system-err>

  </testsuite>
</testsuites>
